<?xml version="1.0" encoding="UTF-8"?>
<!-- Generated by org.testng.reporters.JUnitReportReporter -->
<testsuite hostname="DESKTOP-U6LFTDP" failures="0" tests="1" name="com.testng.ParameterTest" time="35.098" errors="0" timestamp="2023-07-31T11:22:37 IST" skipped="0">
  <testcase classname="com.testng.ParameterTest" name="driver" time="35.098"/>
</testsuite> <!-- com.testng.ParameterTest -->
