<?xml version="1.0" encoding="UTF-8"?>
<!-- Generated by org.testng.reporters.JUnitReportReporter -->
<testsuite hostname="DESKTOP-U6LFTDP" failures="0" tests="6" name="com.framework.KeywordDrivenFW" time="13.737" errors="0" timestamp="2023-07-31T08:43:04 IST" skipped="0">
  <testcase classname="com.framework.KeywordDrivenFW" name="test" time="2.206"/>
  <testcase classname="com.framework.KeywordDrivenFW" name="test" time="2.989"/>
  <testcase classname="com.framework.KeywordDrivenFW" name="test" time="0.230"/>
  <testcase classname="com.framework.KeywordDrivenFW" name="test" time="2.162"/>
  <testcase classname="com.framework.KeywordDrivenFW" name="test" time="4.010"/>
  <testcase classname="com.framework.KeywordDrivenFW" name="test" time="2.140"/>
</testsuite> <!-- com.framework.KeywordDrivenFW -->
