<?xml version="1.0" encoding="UTF-8"?>
<!-- Generated by org.testng.reporters.JUnitReportReporter -->
<testsuite hostname="DESKTOP-U6LFTDP" failures="0" tests="1" name="project.Login" time="92.234" errors="0" timestamp="2023-11-24T13:54:55 IST" skipped="0">
  <testcase classname="project.Login" name="test" time="92.234"/>
  <system-out/>
</testsuite> <!-- project.Login -->
