<?xml version="1.0" encoding="UTF-8"?>
<!-- Generated by org.testng.reporters.JUnitReportReporter -->
<testsuite hostname="DESKTOP-U6LFTDP" failures="0" tests="6" name="com.framework.KeywordDrivenFW" time="15.422" errors="0" timestamp="2023-08-04T12:11:59 IST" skipped="0">
  <testcase classname="com.framework.KeywordDrivenFW" name="test" time="2.211"/>
  <testcase classname="com.framework.KeywordDrivenFW" name="test" time="2.837"/>
  <testcase classname="com.framework.KeywordDrivenFW" name="test" time="0.204"/>
  <testcase classname="com.framework.KeywordDrivenFW" name="test" time="2.227"/>
  <testcase classname="com.framework.KeywordDrivenFW" name="test" time="5.815"/>
  <testcase classname="com.framework.KeywordDrivenFW" name="test" time="2.128"/>
</testsuite> <!-- com.framework.KeywordDrivenFW -->
