<?xml version="1.0" encoding="UTF-8"?>
<!-- Generated by org.testng.reporters.JUnitReportReporter -->
<testsuite hostname="DESKTOP-U6LFTDP" failures="0" tests="1" name="com.testng.ParameterTest" time="39.362" errors="0" timestamp="2023-07-31T08:14:50 IST" skipped="0">
  <testcase classname="com.testng.ParameterTest" name="driver" time="39.362"/>
</testsuite> <!-- com.testng.ParameterTest -->
