<?xml version="1.0" encoding="UTF-8"?>
<!-- Generated by org.testng.reporters.JUnitReportReporter -->
<testsuite hostname="DESKTOP-U6LFTDP" failures="0" tests="1" name="com.framework.DataDrivenFW" time="66.138" errors="0" timestamp="2023-07-29T10:16:35 IST" skipped="0">
  <testcase classname="com.framework.DataDrivenFW" name="test" time="66.138"/>
</testsuite> <!-- com.framework.DataDrivenFW -->
