<?xml version="1.0" encoding="UTF-8"?>
<!-- Generated by org.testng.reporters.JUnitReportReporter -->
<testsuite hostname="DESKTOP-U6LFTDP" failures="0" tests="1" name="com.maven.AppiumTest.AppTest" time="60.436" errors="0" timestamp="2023-08-21T08:51:53 IST" skipped="0">
  <testcase classname="com.maven.AppiumTest.AppTest" name="appiumTest" time="60.436"/>
</testsuite> <!-- com.maven.AppiumTest.AppTest -->
